{"C:\\Users\\dell\\Documents\\CESUSC\\insight-miner\\word_cloud\\server-side\\src\\get_news.js": {"path":"C:\\Users\\dell\\Documents\\CESUSC\\insight-miner\\word_cloud\\server-side\\src\\get_news.js","statementMap":{"0":{"start":{"line":1,"column":14},"end":{"line":1,"column":35}},"1":{"start":{"line":2,"column":17},"end":{"line":2,"column":36}},"2":{"start":{"line":3,"column":13},"end":{"line":3,"column":28}},"3":{"start":{"line":7,"column":0},"end":{"line":7,"column":100}},"4":{"start":{"line":10,"column":21},"end":{"line":10,"column":45}},"5":{"start":{"line":12,"column":12},"end":{"line":12,"column":27}},"6":{"start":{"line":13,"column":0},"end":{"line":13,"column":16}},"7":{"start":{"line":14,"column":18},"end":{"line":14,"column":28}},"8":{"start":{"line":23,"column":19},"end":{"line":36,"column":33}},"9":{"start":{"line":40,"column":13},"end":{"line":40,"column":47}},"10":{"start":{"line":45,"column":20},"end":{"line":52,"column":31}},"11":{"start":{"line":56,"column":14},"end":{"line":56,"column":50}},"12":{"start":{"line":99,"column":2},"end":{"line":133,"column":5}},"13":{"start":{"line":101,"column":6},"end":{"line":105,"column":7}},"14":{"start":{"line":103,"column":10},"end":{"line":103,"column":48}},"15":{"start":{"line":104,"column":10},"end":{"line":104,"column":17}},"16":{"start":{"line":108,"column":19},"end":{"line":117,"column":8}},"17":{"start":{"line":120,"column":6},"end":{"line":128,"column":9}},"18":{"start":{"line":123,"column":10},"end":{"line":123,"column":44}},"19":{"start":{"line":127,"column":10},"end":{"line":127,"column":32}},"20":{"start":{"line":132,"column":6},"end":{"line":132,"column":28}},"21":{"start":{"line":160,"column":22},"end":{"line":160,"column":48}},"22":{"start":{"line":162,"column":16},"end":{"line":162,"column":52}},"23":{"start":{"line":163,"column":2},"end":{"line":175,"column":3}},"24":{"start":{"line":164,"column":18},"end":{"line":164,"column":59}},"25":{"start":{"line":165,"column":4},"end":{"line":171,"column":5}},"26":{"start":{"line":167,"column":6},"end":{"line":167,"column":25}},"27":{"start":{"line":169,"column":6},"end":{"line":169,"column":47}},"28":{"start":{"line":170,"column":6},"end":{"line":170,"column":18}},"29":{"start":{"line":173,"column":4},"end":{"line":173,"column":59}},"30":{"start":{"line":174,"column":4},"end":{"line":174,"column":16}},"31":{"start":{"line":185,"column":21},"end":{"line":185,"column":47}},"32":{"start":{"line":187,"column":2},"end":{"line":221,"column":3}},"33":{"start":{"line":189,"column":22},"end":{"line":189,"column":54}},"34":{"start":{"line":191,"column":4},"end":{"line":196,"column":5}},"35":{"start":{"line":192,"column":6},"end":{"line":195,"column":8}},"36":{"start":{"line":199,"column":4},"end":{"line":204,"column":5}},"37":{"start":{"line":200,"column":6},"end":{"line":203,"column":8}},"38":{"start":{"line":207,"column":4},"end":{"line":207,"column":35}},"39":{"start":{"line":208,"column":4},"end":{"line":208,"column":27}},"40":{"start":{"line":210,"column":4},"end":{"line":213,"column":6}},"41":{"start":{"line":215,"column":4},"end":{"line":215,"column":23}},"42":{"start":{"line":216,"column":4},"end":{"line":220,"column":6}},"43":{"start":{"line":231,"column":16},"end":{"line":231,"column":52}},"44":{"start":{"line":234,"column":21},"end":{"line":234,"column":47}},"45":{"start":{"line":236,"column":2},"end":{"line":270,"column":3}},"46":{"start":{"line":238,"column":22},"end":{"line":238,"column":54}},"47":{"start":{"line":240,"column":4},"end":{"line":245,"column":5}},"48":{"start":{"line":241,"column":6},"end":{"line":244,"column":8}},"49":{"start":{"line":248,"column":4},"end":{"line":253,"column":5}},"50":{"start":{"line":249,"column":6},"end":{"line":252,"column":8}},"51":{"start":{"line":256,"column":4},"end":{"line":256,"column":39}},"52":{"start":{"line":257,"column":4},"end":{"line":257,"column":27}},"53":{"start":{"line":259,"column":4},"end":{"line":262,"column":6}},"54":{"start":{"line":264,"column":4},"end":{"line":264,"column":23}},"55":{"start":{"line":265,"column":4},"end":{"line":269,"column":6}},"56":{"start":{"line":279,"column":16},"end":{"line":279,"column":52}},"57":{"start":{"line":280,"column":21},"end":{"line":280,"column":47}},"58":{"start":{"line":282,"column":2},"end":{"line":334,"column":3}},"59":{"start":{"line":284,"column":22},"end":{"line":284,"column":54}},"60":{"start":{"line":286,"column":4},"end":{"line":326,"column":5}},"61":{"start":{"line":288,"column":6},"end":{"line":293,"column":7}},"62":{"start":{"line":289,"column":8},"end":{"line":292,"column":10}},"63":{"start":{"line":296,"column":6},"end":{"line":301,"column":7}},"64":{"start":{"line":297,"column":8},"end":{"line":300,"column":10}},"65":{"start":{"line":304,"column":21},"end":{"line":304,"column":59}},"66":{"start":{"line":305,"column":6},"end":{"line":320,"column":7}},"67":{"start":{"line":307,"column":8},"end":{"line":307,"column":46}},"68":{"start":{"line":310,"column":8},"end":{"line":310,"column":31}},"69":{"start":{"line":311,"column":8},"end":{"line":314,"column":10}},"70":{"start":{"line":316,"column":8},"end":{"line":319,"column":10}},"71":{"start":{"line":322,"column":6},"end":{"line":325,"column":8}},"72":{"start":{"line":328,"column":4},"end":{"line":328,"column":23}},"73":{"start":{"line":329,"column":4},"end":{"line":333,"column":6}},"74":{"start":{"line":343,"column":17},"end":{"line":343,"column":51}},"75":{"start":{"line":344,"column":4},"end":{"line":356,"column":5}},"76":{"start":{"line":345,"column":20},"end":{"line":345,"column":61}},"77":{"start":{"line":346,"column":6},"end":{"line":352,"column":7}},"78":{"start":{"line":347,"column":8},"end":{"line":347,"column":54}},"79":{"start":{"line":348,"column":8},"end":{"line":348,"column":21}},"80":{"start":{"line":350,"column":8},"end":{"line":350,"column":52}},"81":{"start":{"line":351,"column":8},"end":{"line":351,"column":18}},"82":{"start":{"line":354,"column":6},"end":{"line":354,"column":63}},"83":{"start":{"line":355,"column":6},"end":{"line":355,"column":18}},"84":{"start":{"line":362,"column":4},"end":{"line":375,"column":5}},"85":{"start":{"line":364,"column":21},"end":{"line":364,"column":109}},"86":{"start":{"line":366,"column":4},"end":{"line":372,"column":5}},"87":{"start":{"line":367,"column":17},"end":{"line":367,"column":38}},"88":{"start":{"line":369,"column":4},"end":{"line":369,"column":16}},"89":{"start":{"line":371,"column":4},"end":{"line":371,"column":78}},"90":{"start":{"line":374,"column":4},"end":{"line":374,"column":70}},"91":{"start":{"line":400,"column":12},"end":{"line":400,"column":13}},"92":{"start":{"line":401,"column":4},"end":{"line":401,"column":50}},"93":{"start":{"line":402,"column":4},"end":{"line":410,"column":7}},"94":{"start":{"line":403,"column":53},"end":{"line":403,"column":60}},"95":{"start":{"line":404,"column":8},"end":{"line":404,"column":67}},"96":{"start":{"line":405,"column":8},"end":{"line":407,"column":17}},"97":{"start":{"line":408,"column":8},"end":{"line":408,"column":22}},"98":{"start":{"line":409,"column":8},"end":{"line":409,"column":17}},"99":{"start":{"line":416,"column":18},"end":{"line":432,"column":3}},"100":{"start":{"line":435,"column":15},"end":{"line":435,"column":49}},"101":{"start":{"line":436,"column":2},"end":{"line":466,"column":3}},"102":{"start":{"line":437,"column":22},"end":{"line":437,"column":67}},"103":{"start":{"line":438,"column":4},"end":{"line":462,"column":5}},"104":{"start":{"line":442,"column":29},"end":{"line":444,"column":17}},"105":{"start":{"line":443,"column":8},"end":{"line":443,"column":56}},"106":{"start":{"line":447,"column":6},"end":{"line":451,"column":16}},"107":{"start":{"line":454,"column":20},"end":{"line":454,"column":47}},"108":{"start":{"line":455,"column":28},"end":{"line":455,"column":75}},"109":{"start":{"line":455,"column":49},"end":{"line":455,"column":74}},"110":{"start":{"line":456,"column":24},"end":{"line":456,"column":47}},"111":{"start":{"line":458,"column":6},"end":{"line":458,"column":23}},"112":{"start":{"line":460,"column":6},"end":{"line":460,"column":50}},"113":{"start":{"line":461,"column":6},"end":{"line":461,"column":16}},"114":{"start":{"line":464,"column":4},"end":{"line":464,"column":61}},"115":{"start":{"line":465,"column":4},"end":{"line":465,"column":16}},"116":{"start":{"line":499,"column":0},"end":{"line":509,"column":2}}},"fnMap":{"0":{"name":"update_mongo","decl":{"start":{"line":97,"column":9},"end":{"line":97,"column":21}},"loc":{"start":{"line":97,"column":79},"end":{"line":134,"column":1}},"line":97},"1":{"name":"(anonymous_1)","decl":{"start":{"line":100,"column":8},"end":{"line":100,"column":9}},"loc":{"start":{"line":100,"column":30},"end":{"line":129,"column":3}},"line":100},"2":{"name":"(anonymous_2)","decl":{"start":{"line":121,"column":12},"end":{"line":121,"column":13}},"loc":{"start":{"line":121,"column":24},"end":{"line":124,"column":7}},"line":121},"3":{"name":"(anonymous_3)","decl":{"start":{"line":125,"column":13},"end":{"line":125,"column":14}},"loc":{"start":{"line":125,"column":24},"end":{"line":128,"column":7}},"line":125},"4":{"name":"(anonymous_4)","decl":{"start":{"line":130,"column":9},"end":{"line":130,"column":10}},"loc":{"start":{"line":130,"column":20},"end":{"line":133,"column":3}},"line":130},"5":{"name":"readWord","decl":{"start":{"line":159,"column":15},"end":{"line":159,"column":23}},"loc":{"start":{"line":159,"column":26},"end":{"line":176,"column":1}},"line":159},"6":{"name":"addWord","decl":{"start":{"line":181,"column":15},"end":{"line":181,"column":22}},"loc":{"start":{"line":181,"column":33},"end":{"line":222,"column":1}},"line":181},"7":{"name":"removeWord","decl":{"start":{"line":230,"column":15},"end":{"line":230,"column":25}},"loc":{"start":{"line":230,"column":40},"end":{"line":271,"column":1}},"line":230},"8":{"name":"updateWord","decl":{"start":{"line":278,"column":15},"end":{"line":278,"column":25}},"loc":{"start":{"line":278,"column":54},"end":{"line":335,"column":1}},"line":278},"9":{"name":"read_all_mongo","decl":{"start":{"line":341,"column":15},"end":{"line":341,"column":29}},"loc":{"start":{"line":341,"column":32},"end":{"line":357,"column":3}},"line":341},"10":{"name":"get_news","decl":{"start":{"line":361,"column":15},"end":{"line":361,"column":23}},"loc":{"start":{"line":361,"column":37},"end":{"line":376,"column":1}},"line":361},"11":{"name":"extract_info_news","decl":{"start":{"line":399,"column":9},"end":{"line":399,"column":26}},"loc":{"start":{"line":399,"column":45},"end":{"line":412,"column":1}},"line":399},"12":{"name":"(anonymous_12)","decl":{"start":{"line":402,"column":26},"end":{"line":402,"column":27}},"loc":{"start":{"line":402,"column":37},"end":{"line":410,"column":5}},"line":402},"13":{"name":"(anonymous_13)","decl":{"start":{"line":405,"column":19},"end":{"line":405,"column":20}},"loc":{"start":{"line":405,"column":25},"end":{"line":407,"column":9}},"line":405},"14":{"name":"get_clean_concatenated_text_by_search_word","decl":{"start":{"line":434,"column":15},"end":{"line":434,"column":57}},"loc":{"start":{"line":434,"column":71},"end":{"line":467,"column":1}},"line":434},"15":{"name":"(anonymous_15)","decl":{"start":{"line":442,"column":43},"end":{"line":442,"column":44}},"loc":{"start":{"line":443,"column":8},"end":{"line":443,"column":56}},"line":443},"16":{"name":"(anonymous_16)","decl":{"start":{"line":455,"column":41},"end":{"line":455,"column":42}},"loc":{"start":{"line":455,"column":49},"end":{"line":455,"column":74}},"line":455}},"branchMap":{"0":{"loc":{"start":{"line":101,"column":6},"end":{"line":105,"column":7}},"type":"if","locations":[{"start":{"line":101,"column":6},"end":{"line":105,"column":7}},{"start":{},"end":{}}],"line":101},"1":{"loc":{"start":{"line":165,"column":4},"end":{"line":171,"column":5}},"type":"if","locations":[{"start":{"line":165,"column":4},"end":{"line":171,"column":5}},{"start":{"line":168,"column":11},"end":{"line":171,"column":5}}],"line":165},"2":{"loc":{"start":{"line":191,"column":4},"end":{"line":196,"column":5}},"type":"if","locations":[{"start":{"line":191,"column":4},"end":{"line":196,"column":5}},{"start":{},"end":{}}],"line":191},"3":{"loc":{"start":{"line":199,"column":4},"end":{"line":204,"column":5}},"type":"if","locations":[{"start":{"line":199,"column":4},"end":{"line":204,"column":5}},{"start":{},"end":{}}],"line":199},"4":{"loc":{"start":{"line":240,"column":4},"end":{"line":245,"column":5}},"type":"if","locations":[{"start":{"line":240,"column":4},"end":{"line":245,"column":5}},{"start":{},"end":{}}],"line":240},"5":{"loc":{"start":{"line":248,"column":4},"end":{"line":253,"column":5}},"type":"if","locations":[{"start":{"line":248,"column":4},"end":{"line":253,"column":5}},{"start":{},"end":{}}],"line":248},"6":{"loc":{"start":{"line":286,"column":4},"end":{"line":326,"column":5}},"type":"if","locations":[{"start":{"line":286,"column":4},"end":{"line":326,"column":5}},{"start":{"line":321,"column":11},"end":{"line":326,"column":5}}],"line":286},"7":{"loc":{"start":{"line":288,"column":6},"end":{"line":293,"column":7}},"type":"if","locations":[{"start":{"line":288,"column":6},"end":{"line":293,"column":7}},{"start":{},"end":{}}],"line":288},"8":{"loc":{"start":{"line":296,"column":6},"end":{"line":301,"column":7}},"type":"if","locations":[{"start":{"line":296,"column":6},"end":{"line":301,"column":7}},{"start":{},"end":{}}],"line":296},"9":{"loc":{"start":{"line":305,"column":6},"end":{"line":320,"column":7}},"type":"if","locations":[{"start":{"line":305,"column":6},"end":{"line":320,"column":7}},{"start":{"line":315,"column":13},"end":{"line":320,"column":7}}],"line":305},"10":{"loc":{"start":{"line":346,"column":6},"end":{"line":352,"column":7}},"type":"if","locations":[{"start":{"line":346,"column":6},"end":{"line":352,"column":7}},{"start":{"line":349,"column":13},"end":{"line":352,"column":7}}],"line":346},"11":{"loc":{"start":{"line":366,"column":4},"end":{"line":372,"column":5}},"type":"if","locations":[{"start":{"line":366,"column":4},"end":{"line":372,"column":5}},{"start":{"line":370,"column":11},"end":{"line":372,"column":5}}],"line":366},"12":{"loc":{"start":{"line":438,"column":4},"end":{"line":462,"column":5}},"type":"if","locations":[{"start":{"line":438,"column":4},"end":{"line":462,"column":5}},{"start":{"line":459,"column":11},"end":{"line":462,"column":5}}],"line":438}},"s":{"0":12,"1":12,"2":12,"3":12,"4":12,"5":12,"6":12,"7":12,"8":12,"9":12,"10":12,"11":12,"12":1,"13":1,"14":0,"15":0,"16":1,"17":1,"18":1,"19":0,"20":0,"21":1,"22":1,"23":1,"24":1,"25":1,"26":1,"27":0,"28":0,"29":0,"30":0,"31":3,"32":3,"33":3,"34":3,"35":0,"36":3,"37":0,"38":3,"39":3,"40":3,"41":0,"42":0,"43":1,"44":1,"45":1,"46":1,"47":1,"48":0,"49":1,"50":0,"51":1,"52":1,"53":1,"54":0,"55":0,"56":1,"57":1,"58":1,"59":1,"60":1,"61":1,"62":0,"63":1,"64":0,"65":1,"66":1,"67":1,"68":1,"69":1,"70":0,"71":0,"72":0,"73":0,"74":1,"75":1,"76":1,"77":1,"78":1,"79":1,"80":0,"81":0,"82":0,"83":0,"84":1,"85":1,"86":1,"87":0,"88":0,"89":1,"90":1,"91":0,"92":0,"93":0,"94":0,"95":0,"96":0,"97":0,"98":0,"99":12,"100":1,"101":1,"102":1,"103":1,"104":0,"105":0,"106":0,"107":0,"108":0,"109":0,"110":0,"111":0,"112":1,"113":1,"114":0,"115":0,"116":12},"f":{"0":1,"1":1,"2":1,"3":0,"4":0,"5":1,"6":3,"7":1,"8":1,"9":1,"10":1,"11":0,"12":0,"13":0,"14":1,"15":0,"16":0},"b":{"0":[0,1],"1":[1,0],"2":[0,3],"3":[0,3],"4":[0,1],"5":[0,1],"6":[1,0],"7":[0,1],"8":[0,1],"9":[1,0],"10":[1,0],"11":[0,1],"12":[0,1]},"_coverageSchema":"1a1c01bbd47fc00a2c39e90264f33305004495a9","hash":"70cb2bcc8ce15ca73f3e9331c54688188446dbc8"}
,"C:\\Users\\dell\\Documents\\CESUSC\\insight-miner\\word_cloud\\server-side\\src\\routes\\endpoint_crud_search_word.js": {"path":"C:\\Users\\dell\\Documents\\CESUSC\\insight-miner\\word_cloud\\server-side\\src\\routes\\endpoint_crud_search_word.js","statementMap":{"0":{"start":{"line":1,"column":16},"end":{"line":1,"column":34}},"1":{"start":{"line":2,"column":19},"end":{"line":2,"column":41}},"2":{"start":{"line":3,"column":13},"end":{"line":3,"column":28}},"3":{"start":{"line":9,"column":21},"end":{"line":9,"column":46}},"4":{"start":{"line":10,"column":20},"end":{"line":10,"column":45}},"5":{"start":{"line":11,"column":23},"end":{"line":11,"column":48}},"6":{"start":{"line":12,"column":23},"end":{"line":12,"column":48}},"7":{"start":{"line":19,"column":15},"end":{"line":19,"column":31}},"8":{"start":{"line":24,"column":0},"end":{"line":26,"column":2}},"9":{"start":{"line":25,"column":4},"end":{"line":25,"column":22}},"10":{"start":{"line":29,"column":0},"end":{"line":32,"column":2}},"11":{"start":{"line":30,"column":21},"end":{"line":30,"column":37}},"12":{"start":{"line":31,"column":4},"end":{"line":31,"column":42}},"13":{"start":{"line":35,"column":0},"end":{"line":43,"column":2}},"14":{"start":{"line":37,"column":24},"end":{"line":37,"column":44}},"15":{"start":{"line":38,"column":21},"end":{"line":38,"column":47}},"16":{"start":{"line":41,"column":4},"end":{"line":41,"column":22}},"17":{"start":{"line":46,"column":0},"end":{"line":54,"column":2}},"18":{"start":{"line":48,"column":27},"end":{"line":48,"column":50}},"19":{"start":{"line":49,"column":21},"end":{"line":49,"column":53}},"20":{"start":{"line":52,"column":4},"end":{"line":52,"column":22}},"21":{"start":{"line":57,"column":0},"end":{"line":67,"column":2}},"22":{"start":{"line":60,"column":24},"end":{"line":60,"column":44}},"23":{"start":{"line":61,"column":23},"end":{"line":61,"column":42}},"24":{"start":{"line":62,"column":21},"end":{"line":62,"column":62}},"25":{"start":{"line":65,"column":4},"end":{"line":65,"column":22}},"26":{"start":{"line":70,"column":0},"end":{"line":70,"column":24}}},"fnMap":{"0":{"name":"(anonymous_0)","decl":{"start":{"line":24,"column":22},"end":{"line":24,"column":23}},"loc":{"start":{"line":24,"column":36},"end":{"line":26,"column":1}},"line":24},"1":{"name":"(anonymous_1)","decl":{"start":{"line":29,"column":21},"end":{"line":29,"column":22}},"loc":{"start":{"line":29,"column":41},"end":{"line":32,"column":1}},"line":29},"2":{"name":"(anonymous_2)","decl":{"start":{"line":35,"column":21},"end":{"line":35,"column":22}},"loc":{"start":{"line":35,"column":41},"end":{"line":43,"column":1}},"line":35},"3":{"name":"(anonymous_3)","decl":{"start":{"line":46,"column":24},"end":{"line":46,"column":25}},"loc":{"start":{"line":46,"column":44},"end":{"line":54,"column":1}},"line":46},"4":{"name":"(anonymous_4)","decl":{"start":{"line":57,"column":23},"end":{"line":57,"column":24}},"loc":{"start":{"line":57,"column":43},"end":{"line":67,"column":1}},"line":57}},"branchMap":{},"s":{"0":1,"1":1,"2":1,"3":1,"4":1,"5":1,"6":1,"7":1,"8":1,"9":1,"10":1,"11":1,"12":1,"13":1,"14":1,"15":1,"16":1,"17":1,"18":1,"19":1,"20":1,"21":1,"22":1,"23":1,"24":1,"25":1,"26":1},"f":{"0":1,"1":1,"2":1,"3":1,"4":1},"b":{},"_coverageSchema":"1a1c01bbd47fc00a2c39e90264f33305004495a9","hash":"b086ae2ee256d19d2ce68f7080478c403a7f39d7"}
,"C:\\Users\\dell\\Documents\\CESUSC\\insight-miner\\word_cloud\\server-side\\src\\routes\\endpoint_update_news.js": {"path":"C:\\Users\\dell\\Documents\\CESUSC\\insight-miner\\word_cloud\\server-side\\src\\routes\\endpoint_update_news.js","statementMap":{"0":{"start":{"line":1,"column":16},"end":{"line":1,"column":34}},"1":{"start":{"line":2,"column":19},"end":{"line":2,"column":41}},"2":{"start":{"line":3,"column":13},"end":{"line":3,"column":28}},"3":{"start":{"line":9,"column":21},"end":{"line":9,"column":46}},"4":{"start":{"line":10,"column":20},"end":{"line":10,"column":45}},"5":{"start":{"line":11,"column":23},"end":{"line":11,"column":48}},"6":{"start":{"line":12,"column":23},"end":{"line":12,"column":48}},"7":{"start":{"line":13,"column":21},"end":{"line":13,"column":46}},"8":{"start":{"line":14,"column":30},"end":{"line":14,"column":55}},"9":{"start":{"line":15,"column":25},"end":{"line":15,"column":50}},"10":{"start":{"line":21,"column":15},"end":{"line":21,"column":31}},"11":{"start":{"line":32,"column":0},"end":{"line":53,"column":3}},"12":{"start":{"line":34,"column":18},"end":{"line":34,"column":34}},"13":{"start":{"line":36,"column":4},"end":{"line":52,"column":5}},"14":{"start":{"line":37,"column":8},"end":{"line":41,"column":9}},"15":{"start":{"line":38,"column":12},"end":{"line":38,"column":44}},"16":{"start":{"line":39,"column":25},"end":{"line":39,"column":45}},"17":{"start":{"line":40,"column":12},"end":{"line":40,"column":48}},"18":{"start":{"line":43,"column":8},"end":{"line":46,"column":11}},"19":{"start":{"line":48,"column":8},"end":{"line":48,"column":29}},"20":{"start":{"line":49,"column":8},"end":{"line":51,"column":11}},"21":{"start":{"line":98,"column":0},"end":{"line":98,"column":24}}},"fnMap":{"0":{"name":"(anonymous_0)","decl":{"start":{"line":32,"column":29},"end":{"line":32,"column":30}},"loc":{"start":{"line":32,"column":49},"end":{"line":53,"column":1}},"line":32}},"branchMap":{},"s":{"0":1,"1":1,"2":1,"3":1,"4":1,"5":1,"6":1,"7":1,"8":1,"9":1,"10":1,"11":1,"12":0,"13":0,"14":0,"15":0,"16":0,"17":0,"18":0,"19":0,"20":0,"21":1},"f":{"0":0},"b":{},"_coverageSchema":"1a1c01bbd47fc00a2c39e90264f33305004495a9","hash":"4273c71b28fd7607ae1b9a44cec4607d03fc4067"}
,"C:\\Users\\dell\\Documents\\CESUSC\\insight-miner\\word_cloud\\server-side\\src\\routes\\endpoint_word_cloud.js": {"path":"C:\\Users\\dell\\Documents\\CESUSC\\insight-miner\\word_cloud\\server-side\\src\\routes\\endpoint_word_cloud.js","statementMap":{"0":{"start":{"line":1,"column":16},"end":{"line":1,"column":34}},"1":{"start":{"line":2,"column":19},"end":{"line":2,"column":41}},"2":{"start":{"line":3,"column":13},"end":{"line":3,"column":28}},"3":{"start":{"line":6,"column":27},"end":{"line":6,"column":52}},"4":{"start":{"line":7,"column":23},"end":{"line":7,"column":48}},"5":{"start":{"line":8,"column":55},"end":{"line":8,"column":80}},"6":{"start":{"line":13,"column":15},"end":{"line":13,"column":31}},"7":{"start":{"line":41,"column":0},"end":{"line":48,"column":5}},"8":{"start":{"line":42,"column":4},"end":{"line":47,"column":5}},"9":{"start":{"line":43,"column":20},"end":{"line":43,"column":42}},"10":{"start":{"line":44,"column":6},"end":{"line":44,"column":22}},"11":{"start":{"line":46,"column":6},"end":{"line":46,"column":80}},"12":{"start":{"line":53,"column":0},"end":{"line":65,"column":5}},"13":{"start":{"line":54,"column":23},"end":{"line":54,"column":44}},"14":{"start":{"line":55,"column":4},"end":{"line":57,"column":5}},"15":{"start":{"line":56,"column":6},"end":{"line":56,"column":63}},"16":{"start":{"line":59,"column":4},"end":{"line":64,"column":5}},"17":{"start":{"line":60,"column":31},"end":{"line":60,"column":91}},"18":{"start":{"line":61,"column":6},"end":{"line":61,"column":45}},"19":{"start":{"line":63,"column":6},"end":{"line":63,"column":80}},"20":{"start":{"line":74,"column":0},"end":{"line":74,"column":24}}},"fnMap":{"0":{"name":"(anonymous_0)","decl":{"start":{"line":41,"column":20},"end":{"line":41,"column":21}},"loc":{"start":{"line":41,"column":40},"end":{"line":48,"column":3}},"line":41},"1":{"name":"(anonymous_1)","decl":{"start":{"line":53,"column":27},"end":{"line":53,"column":28}},"loc":{"start":{"line":53,"column":47},"end":{"line":65,"column":3}},"line":53}},"branchMap":{"0":{"loc":{"start":{"line":55,"column":4},"end":{"line":57,"column":5}},"type":"if","locations":[{"start":{"line":55,"column":4},"end":{"line":57,"column":5}},{"start":{},"end":{}}],"line":55}},"s":{"0":1,"1":1,"2":1,"3":1,"4":1,"5":1,"6":1,"7":1,"8":1,"9":1,"10":1,"11":0,"12":1,"13":3,"14":3,"15":1,"16":2,"17":2,"18":2,"19":0,"20":1},"f":{"0":1,"1":3},"b":{"0":[1,2]},"_coverageSchema":"1a1c01bbd47fc00a2c39e90264f33305004495a9","hash":"2e55e48e956d55c4818fd4a51a328fede9e9f0fa"}
}
