TN:
SF:src\get_news.js
FN:97,update_mongo
FN:100,(anonymous_1)
FN:121,(anonymous_2)
FN:125,(anonymous_3)
FN:130,(anonymous_4)
FN:159,readWord
FN:181,addWord
FN:230,removeWord
FN:278,updateWord
FN:341,read_all_mongo
FN:361,get_news
FN:399,extract_info_news
FN:402,(anonymous_12)
FN:405,(anonymous_13)
FN:434,get_clean_concatenated_text_by_search_word
FN:442,(anonymous_15)
FN:455,(anonymous_16)
FNF:17
FNH:10
FNDA:1,update_mongo
FNDA:1,(anonymous_1)
FNDA:1,(anonymous_2)
FNDA:0,(anonymous_3)
FNDA:0,(anonymous_4)
FNDA:1,readWord
FNDA:3,addWord
FNDA:1,removeWord
FNDA:1,updateWord
FNDA:1,read_all_mongo
FNDA:1,get_news
FNDA:0,extract_info_news
FNDA:0,(anonymous_12)
FNDA:0,(anonymous_13)
FNDA:1,get_clean_concatenated_text_by_search_word
FNDA:0,(anonymous_15)
FNDA:0,(anonymous_16)
DA:1,12
DA:2,12
DA:3,12
DA:7,12
DA:10,12
DA:12,12
DA:13,12
DA:14,12
DA:23,12
DA:40,12
DA:45,12
DA:56,12
DA:99,1
DA:101,1
DA:103,0
DA:104,0
DA:108,1
DA:120,1
DA:123,1
DA:127,0
DA:132,0
DA:160,1
DA:162,1
DA:163,1
DA:164,1
DA:165,1
DA:167,1
DA:169,0
DA:170,0
DA:173,0
DA:174,0
DA:185,3
DA:187,3
DA:189,3
DA:191,3
DA:192,0
DA:199,3
DA:200,0
DA:207,3
DA:208,3
DA:210,3
DA:215,0
DA:216,0
DA:231,1
DA:234,1
DA:236,1
DA:238,1
DA:240,1
DA:241,0
DA:248,1
DA:249,0
DA:256,1
DA:257,1
DA:259,1
DA:264,0
DA:265,0
DA:279,1
DA:280,1
DA:282,1
DA:284,1
DA:286,1
DA:288,1
DA:289,0
DA:296,1
DA:297,0
DA:304,1
DA:305,1
DA:307,1
DA:310,1
DA:311,1
DA:316,0
DA:322,0
DA:328,0
DA:329,0
DA:343,1
DA:344,1
DA:345,1
DA:346,1
DA:347,1
DA:348,1
DA:350,0
DA:351,0
DA:354,0
DA:355,0
DA:362,1
DA:364,1
DA:366,1
DA:367,0
DA:369,0
DA:371,1
DA:374,1
DA:400,0
DA:401,0
DA:402,0
DA:403,0
DA:404,0
DA:405,0
DA:408,0
DA:409,0
DA:416,12
DA:435,1
DA:436,1
DA:437,1
DA:438,1
DA:442,0
DA:443,0
DA:447,0
DA:454,0
DA:455,0
DA:456,0
DA:458,0
DA:460,1
DA:461,1
DA:464,0
DA:465,0
DA:499,12
LF:116
LH:71
BRDA:101,0,0,0
BRDA:101,0,1,1
BRDA:165,1,0,1
BRDA:165,1,1,0
BRDA:191,2,0,0
BRDA:191,2,1,3
BRDA:199,3,0,0
BRDA:199,3,1,3
BRDA:240,4,0,0
BRDA:240,4,1,1
BRDA:248,5,0,0
BRDA:248,5,1,1
BRDA:286,6,0,1
BRDA:286,6,1,0
BRDA:288,7,0,0
BRDA:288,7,1,1
BRDA:296,8,0,0
BRDA:296,8,1,1
BRDA:305,9,0,1
BRDA:305,9,1,0
BRDA:346,10,0,1
BRDA:346,10,1,0
BRDA:366,11,0,0
BRDA:366,11,1,1
BRDA:438,12,0,0
BRDA:438,12,1,1
BRF:26
BRH:13
end_of_record
TN:
SF:src\routes\endpoint_crud_search_word.js
FN:24,(anonymous_0)
FN:29,(anonymous_1)
FN:35,(anonymous_2)
FN:46,(anonymous_3)
FN:57,(anonymous_4)
FNF:5
FNH:5
FNDA:1,(anonymous_0)
FNDA:1,(anonymous_1)
FNDA:1,(anonymous_2)
FNDA:1,(anonymous_3)
FNDA:1,(anonymous_4)
DA:1,1
DA:2,1
DA:3,1
DA:9,1
DA:10,1
DA:11,1
DA:12,1
DA:19,1
DA:24,1
DA:25,1
DA:29,1
DA:30,1
DA:31,1
DA:35,1
DA:37,1
DA:38,1
DA:41,1
DA:46,1
DA:48,1
DA:49,1
DA:52,1
DA:57,1
DA:60,1
DA:61,1
DA:62,1
DA:65,1
DA:70,1
LF:27
LH:27
BRF:0
BRH:0
end_of_record
TN:
SF:src\routes\endpoint_update_news.js
FN:32,(anonymous_0)
FNF:1
FNH:0
FNDA:0,(anonymous_0)
DA:1,1
DA:2,1
DA:3,1
DA:9,1
DA:10,1
DA:11,1
DA:12,1
DA:13,1
DA:14,1
DA:15,1
DA:21,1
DA:32,1
DA:34,0
DA:36,0
DA:37,0
DA:38,0
DA:39,0
DA:40,0
DA:43,0
DA:48,0
DA:49,0
DA:98,1
LF:22
LH:13
BRF:0
BRH:0
end_of_record
TN:
SF:src\routes\endpoint_word_cloud.js
FN:41,(anonymous_0)
FN:53,(anonymous_1)
FNF:2
FNH:2
FNDA:1,(anonymous_0)
FNDA:3,(anonymous_1)
DA:1,1
DA:2,1
DA:3,1
DA:6,1
DA:7,1
DA:8,1
DA:13,1
DA:41,1
DA:42,1
DA:43,1
DA:44,1
DA:46,0
DA:53,1
DA:54,3
DA:55,3
DA:56,1
DA:59,2
DA:60,2
DA:61,2
DA:63,0
DA:74,1
LF:21
LH:19
BRDA:55,0,0,1
BRDA:55,0,1,2
BRF:2
BRH:2
end_of_record
